Started GET "/" for 127.0.0.1 at 2022-02-03 12:21:36 +0900
  [1m[35m (3.7ms)[0m  [1m[34mSELECT sqlite_version(*)[0m
Processing by Rails::WelcomeController#index as HTML
  Rendering /Users/leepyeongseok/.asdf/installs/ruby/2.7.0/lib/ruby/gems/2.7.0/gems/railties-7.0.0/lib/rails/templates/rails/welcome/index.html.erb
  Rendered /Users/leepyeongseok/.asdf/installs/ruby/2.7.0/lib/ruby/gems/2.7.0/gems/railties-7.0.0/lib/rails/templates/rails/welcome/index.html.erb (Duration: 1.8ms | Allocations: 669)
Completed 200 OK in 15ms (Views: 6.2ms | ActiveRecord: 0.0ms | Allocations: 6544)


Started GET "/" for 127.0.0.1 at 2022-02-03 15:50:47 +0900
  [1m[35m (0.6ms)[0m  [1m[34mSELECT sqlite_version(*)[0m
Processing by Rails::WelcomeController#index as HTML
  Rendering /Users/leepyeongseok/.asdf/installs/ruby/2.7.0/lib/ruby/gems/2.7.0/gems/railties-7.0.0/lib/rails/templates/rails/welcome/index.html.erb
  Rendered /Users/leepyeongseok/.asdf/installs/ruby/2.7.0/lib/ruby/gems/2.7.0/gems/railties-7.0.0/lib/rails/templates/rails/welcome/index.html.erb (Duration: 1.3ms | Allocations: 555)
Completed 200 OK in 9ms (Views: 3.4ms | ActiveRecord: 0.0ms | Allocations: 5182)


Started GET "/articles" for 127.0.0.1 at 2022-02-03 15:51:17 +0900
Processing by ArticlesController#index as HTML
  Rendering layout layouts/application.html.erb
  Rendering articles/index.html.erb within layouts/application
  Rendered articles/index.html.erb within layouts/application (Duration: 0.6ms | Allocations: 124)
  Rendered layout layouts/application.html.erb (Duration: 168.0ms | Allocations: 97838)
Completed 200 OK in 172ms (Views: 170.6ms | ActiveRecord: 0.0ms | Allocations: 98807)


  [1m[35m (0.7ms)[0m  [1m[34mSELECT sqlite_version(*)[0m
  [1m[35m (0.5ms)[0m  [1m[35mCREATE TABLE "schema_migrations" ("version" varchar NOT NULL PRIMARY KEY)[0m
  [1m[35m (0.4ms)[0m  [1m[35mCREATE TABLE "ar_internal_metadata" ("key" varchar NOT NULL PRIMARY KEY, "value" varchar, "created_at" datetime(6) NOT NULL, "updated_at" datetime(6) NOT NULL)[0m
  [1m[36mActiveRecord::SchemaMigration Pluck (0.1ms)[0m  [1m[34mSELECT "schema_migrations"."version" FROM "schema_migrations" ORDER BY "schema_migrations"."version" ASC[0m
Migrating to CreateArticles (20220203071433)
  [1m[36mTRANSACTION (0.0ms)[0m  [1m[36mbegin transaction[0m
  [1m[35m (0.2ms)[0m  [1m[35mCREATE TABLE "articles" ("id" integer PRIMARY KEY AUTOINCREMENT NOT NULL, "title" varchar, "body" text, "created_at" datetime(6) NOT NULL, "updated_at" datetime(6) NOT NULL)[0m
  [1m[36mActiveRecord::SchemaMigration Create (0.1ms)[0m  [1m[32mINSERT INTO "schema_migrations" ("version") VALUES (?)[0m  [["version", "20220203071433"]]
  [1m[36mTRANSACTION (0.3ms)[0m  [1m[36mcommit transaction[0m
  [1m[36mActiveRecord::InternalMetadata Load (0.1ms)[0m  [1m[34mSELECT "ar_internal_metadata".* FROM "ar_internal_metadata" WHERE "ar_internal_metadata"."key" = ? LIMIT ?[0m  [["key", "environment"], ["LIMIT", 1]]
  [1m[36mTRANSACTION (0.0ms)[0m  [1m[36mbegin transaction[0m
  [1m[36mActiveRecord::InternalMetadata Create (0.2ms)[0m  [1m[32mINSERT INTO "ar_internal_metadata" ("key", "value", "created_at", "updated_at") VALUES (?, ?, ?, ?)[0m  [["key", "environment"], ["value", "development"], ["created_at", "2022-02-03 07:17:54.776734"], ["updated_at", "2022-02-03 07:17:54.776734"]]
  [1m[36mTRANSACTION (0.3ms)[0m  [1m[36mcommit transaction[0m
  [1m[35m (0.0ms)[0m  [1m[34mSELECT sqlite_version(*)[0m
  [1m[36mActiveRecord::SchemaMigration Pluck (0.1ms)[0m  [1m[34mSELECT "schema_migrations"."version" FROM "schema_migrations" ORDER BY "schema_migrations"."version" ASC[0m
  [1m[35m (0.8ms)[0m  [1m[34mSELECT sqlite_version(*)[0m
  [1m[35m (1.0ms)[0m  [1m[34mSELECT sqlite_version(*)[0m
  [1m[36mTRANSACTION (0.1ms)[0m  [1m[36mbegin transaction[0m
  [1m[36mArticle Create (0.6ms)[0m  [1m[32mINSERT INTO "articles" ("title", "body", "created_at", "updated_at") VALUES (?, ?, ?, ?)[0m  [["title", "hello Rails"], ["body", "I am on Rails!"], ["created_at", "2022-02-03 07:19:44.800593"], ["updated_at", "2022-02-03 07:19:44.800593"]]
  [1m[36mTRANSACTION (0.9ms)[0m  [1m[36mcommit transaction[0m
Started GET "/articles" for 127.0.0.1 at 2022-02-03 16:20:52 +0900
  [1m[35m (0.4ms)[0m  [1m[34mSELECT sqlite_version(*)[0m
  [1m[36mActiveRecord::SchemaMigration Pluck (0.1ms)[0m  [1m[34mSELECT "schema_migrations"."version" FROM "schema_migrations" ORDER BY "schema_migrations"."version" ASC[0m
Processing by ArticlesController#index as HTML
  Rendering layout layouts/application.html.erb
  Rendering articles/index.html.erb within layouts/application
  Rendered articles/index.html.erb within layouts/application (Duration: 0.8ms | Allocations: 314)
  Rendered layout layouts/application.html.erb (Duration: 45.2ms | Allocations: 35044)
Completed 200 OK in 54ms (Views: 47.7ms | ActiveRecord: 0.0ms | Allocations: 40208)


Started GET "/articles" for 127.0.0.1 at 2022-02-03 16:20:56 +0900
Processing by ArticlesController#index as HTML
  Rendering layout layouts/application.html.erb
  Rendering articles/index.html.erb within layouts/application
  Rendered articles/index.html.erb within layouts/application (Duration: 0.2ms | Allocations: 15)
  Rendered layout layouts/application.html.erb (Duration: 8.3ms | Allocations: 2243)
Completed 200 OK in 12ms (Views: 9.8ms | ActiveRecord: 0.0ms | Allocations: 2516)


Started GET "/" for 127.0.0.1 at 2022-02-03 16:21:00 +0900
Processing by ArticlesController#index as HTML
  Rendering layout layouts/application.html.erb
  Rendering articles/index.html.erb within layouts/application
  Rendered articles/index.html.erb within layouts/application (Duration: 0.2ms | Allocations: 15)
  Rendered layout layouts/application.html.erb (Duration: 9.9ms | Allocations: 2245)
Completed 200 OK in 13ms (Views: 11.5ms | ActiveRecord: 0.0ms | Allocations: 2517)


Started GET "/" for 127.0.0.1 at 2022-02-03 16:23:55 +0900
Processing by ArticlesController#index as HTML
  Rendering layout layouts/application.html.erb
  Rendering articles/index.html.erb within layouts/application
  [1m[36mArticle Load (0.4ms)[0m  [1m[34mSELECT "articles".* FROM "articles"[0m
  ↳ app/views/articles/index.html.erb:4
  Rendered articles/index.html.erb within layouts/application (Duration: 32.6ms | Allocations: 7553)
  Rendered layout layouts/application.html.erb (Duration: 38.1ms | Allocations: 10008)
Completed 200 OK in 46ms (Views: 40.9ms | ActiveRecord: 1.7ms | Allocations: 10933)


Started GET "/" for 127.0.0.1 at 2022-02-03 16:27:21 +0900
Processing by ArticlesController#index as HTML
  Rendering layout layouts/application.html.erb
  Rendering articles/index.html.erb within layouts/application
  [1m[35m (0.1ms)[0m  [1m[34mSELECT sqlite_version(*)[0m
  ↳ app/views/articles/index.html.erb:4
  [1m[36mArticle Load (0.1ms)[0m  [1m[34mSELECT "articles".* FROM "articles"[0m
  ↳ app/views/articles/index.html.erb:4
  Rendered articles/index.html.erb within layouts/application (Duration: 5.0ms | Allocations: 2534)
  Rendered layout layouts/application.html.erb (Duration: 17.3ms | Allocations: 16362)
Completed 200 OK in 20ms (Views: 18.5ms | ActiveRecord: 0.6ms | Allocations: 17652)


Started GET "/articles/1" for 127.0.0.1 at 2022-02-03 16:27:22 +0900
Processing by ArticlesController#show as HTML
  Parameters: {"id"=>"1"}
  [1m[36mArticle Load (0.5ms)[0m  [1m[34mSELECT "articles".* FROM "articles" WHERE "articles"."id" = ? LIMIT ?[0m  [["id", 1], ["LIMIT", 1]]
  ↳ app/controllers/articles_controller.rb:7:in `show'
  Rendering layout layouts/application.html.erb
  Rendering articles/show.html.erb within layouts/application
  Rendered articles/show.html.erb within layouts/application (Duration: 0.8ms | Allocations: 160)
  Rendered layout layouts/application.html.erb (Duration: 6.5ms | Allocations: 2401)
Completed 200 OK in 19ms (Views: 7.3ms | ActiveRecord: 0.5ms | Allocations: 4819)


Started GET "/articles/1" for 127.0.0.1 at 2022-02-03 16:27:24 +0900
Processing by ArticlesController#show as HTML
  Parameters: {"id"=>"1"}
  [1m[36mArticle Load (0.5ms)[0m  [1m[34mSELECT "articles".* FROM "articles" WHERE "articles"."id" = ? LIMIT ?[0m  [["id", 1], ["LIMIT", 1]]
  ↳ app/controllers/articles_controller.rb:7:in `show'
  Rendering layout layouts/application.html.erb
  Rendering articles/show.html.erb within layouts/application
  Rendered articles/show.html.erb within layouts/application (Duration: 0.4ms | Allocations: 19)
  Rendered layout layouts/application.html.erb (Duration: 7.0ms | Allocations: 2249)
Completed 200 OK in 15ms (Views: 8.8ms | ActiveRecord: 0.5ms | Allocations: 2955)


Started GET "/" for 127.0.0.1 at 2022-02-03 16:42:24 +0900
Processing by ArticlesController#index as HTML
  Rendering layout layouts/application.html.erb
  Rendering articles/index.html.erb within layouts/application
  [1m[35m (0.1ms)[0m  [1m[34mSELECT sqlite_version(*)[0m
  ↳ app/views/articles/index.html.erb:4
  [1m[36mArticle Load (0.1ms)[0m  [1m[34mSELECT "articles".* FROM "articles"[0m
  ↳ app/views/articles/index.html.erb:4
  Rendered articles/index.html.erb within layouts/application (Duration: 4.5ms | Allocations: 2202)
  Rendered layout layouts/application.html.erb (Duration: 17.3ms | Allocations: 16116)
Completed 200 OK in 22ms (Views: 18.5ms | ActiveRecord: 0.3ms | Allocations: 17581)


Started GET "/articles/1" for 127.0.0.1 at 2022-02-03 16:42:36 +0900
Processing by ArticlesController#show as HTML
  Parameters: {"id"=>"1"}
  [1m[36mArticle Load (0.6ms)[0m  [1m[34mSELECT "articles".* FROM "articles" WHERE "articles"."id" = ? LIMIT ?[0m  [["id", 1], ["LIMIT", 1]]
  ↳ app/controllers/articles_controller.rb:7:in `show'
  Rendering layout layouts/application.html.erb
  Rendering articles/show.html.erb within layouts/application
  Rendered articles/show.html.erb within layouts/application (Duration: 0.9ms | Allocations: 156)
  Rendered layout layouts/application.html.erb (Duration: 7.6ms | Allocations: 2397)
Completed 200 OK in 18ms (Views: 8.7ms | ActiveRecord: 0.6ms | Allocations: 3691)


Started GET "/articles/new" for 127.0.0.1 at 2022-02-03 16:43:15 +0900
Processing by ArticlesController#new as HTML
  Rendering layout layouts/application.html.erb
  Rendering articles/new.html.erb within layouts/application
  Rendered articles/new.html.erb within layouts/application (Duration: 43.9ms | Allocations: 7015)
  Rendered layout layouts/application.html.erb (Duration: 48.1ms | Allocations: 9100)
Completed 200 OK in 53ms (Views: 50.0ms | ActiveRecord: 0.0ms | Allocations: 9431)


Started POST "/articles" for 127.0.0.1 at 2022-02-03 16:43:19 +0900
Processing by ArticlesController#create as TURBO_STREAM
  Parameters: {"authenticity_token"=>"[FILTERED]", "article"=>{"title"=>"hh", "body"=>"2"}, "commit"=>"Create Article"}
  Rendering layout layouts/application.html.erb
  Rendering articles/new.html.erb within layouts/application
  Rendered articles/new.html.erb within layouts/application (Duration: 4.9ms | Allocations: 1289)
  Rendered layout layouts/application.html.erb (Duration: 10.1ms | Allocations: 3357)
Completed 422 Unprocessable Entity in 14ms (Views: 11.1ms | ActiveRecord: 0.0ms | Allocations: 4518)


Started POST "/articles" for 127.0.0.1 at 2022-02-03 16:43:21 +0900
Processing by ArticlesController#create as TURBO_STREAM
  Parameters: {"authenticity_token"=>"[FILTERED]", "article"=>{"title"=>"hh", "body"=>"2"}, "commit"=>"Create Article"}
  Rendering layout layouts/application.html.erb
  Rendering articles/new.html.erb within layouts/application
  Rendered articles/new.html.erb within layouts/application (Duration: 7.1ms | Allocations: 1226)
  Rendered layout layouts/application.html.erb (Duration: 13.4ms | Allocations: 3296)
Completed 422 Unprocessable Entity in 21ms (Views: 15.2ms | ActiveRecord: 0.0ms | Allocations: 4320)


Started POST "/articles" for 127.0.0.1 at 2022-02-03 16:43:21 +0900
Processing by ArticlesController#create as TURBO_STREAM
  Parameters: {"authenticity_token"=>"[FILTERED]", "article"=>{"title"=>"hh", "body"=>"2"}, "commit"=>"Create Article"}
  Rendering layout layouts/application.html.erb
  Rendering articles/new.html.erb within layouts/application
  Rendered articles/new.html.erb within layouts/application (Duration: 6.6ms | Allocations: 1226)
  Rendered layout layouts/application.html.erb (Duration: 12.7ms | Allocations: 3294)
Completed 422 Unprocessable Entity in 20ms (Views: 14.3ms | ActiveRecord: 0.0ms | Allocations: 4311)


Started POST "/articles" for 127.0.0.1 at 2022-02-03 16:43:22 +0900
Processing by ArticlesController#create as TURBO_STREAM
  Parameters: {"authenticity_token"=>"[FILTERED]", "article"=>{"title"=>"hh", "body"=>"2"}, "commit"=>"Create Article"}
  Rendering layout layouts/application.html.erb
  Rendering articles/new.html.erb within layouts/application
  Rendered articles/new.html.erb within layouts/application (Duration: 8.5ms | Allocations: 1226)
  Rendered layout layouts/application.html.erb (Duration: 15.3ms | Allocations: 3294)
Completed 422 Unprocessable Entity in 23ms (Views: 17.0ms | ActiveRecord: 0.0ms | Allocations: 4317)


Started POST "/articles" for 127.0.0.1 at 2022-02-03 16:43:22 +0900
Processing by ArticlesController#create as TURBO_STREAM
  Parameters: {"authenticity_token"=>"[FILTERED]", "article"=>{"title"=>"hh", "body"=>"2"}, "commit"=>"Create Article"}
  Rendering layout layouts/application.html.erb
  Rendering articles/new.html.erb within layouts/application
  Rendered articles/new.html.erb within layouts/application (Duration: 6.6ms | Allocations: 1226)
  Rendered layout layouts/application.html.erb (Duration: 12.8ms | Allocations: 3294)
Completed 422 Unprocessable Entity in 20ms (Views: 14.3ms | ActiveRecord: 0.0ms | Allocations: 4308)


Started POST "/articles" for 127.0.0.1 at 2022-02-03 16:43:23 +0900
Processing by ArticlesController#create as TURBO_STREAM
  Parameters: {"authenticity_token"=>"[FILTERED]", "article"=>{"title"=>"hh", "body"=>"2"}, "commit"=>"Create Article"}
  Rendering layout layouts/application.html.erb
  Rendering articles/new.html.erb within layouts/application
  Rendered articles/new.html.erb within layouts/application (Duration: 6.8ms | Allocations: 1226)
  Rendered layout layouts/application.html.erb (Duration: 13.0ms | Allocations: 3294)
Completed 422 Unprocessable Entity in 21ms (Views: 14.6ms | ActiveRecord: 0.0ms | Allocations: 4307)


Started POST "/articles" for 127.0.0.1 at 2022-02-03 16:43:23 +0900
Processing by ArticlesController#create as TURBO_STREAM
  Parameters: {"authenticity_token"=>"[FILTERED]", "article"=>{"title"=>"hh", "body"=>"2"}, "commit"=>"Create Article"}
  Rendering layout layouts/application.html.erb
  Rendering articles/new.html.erb within layouts/application
  Rendered articles/new.html.erb within layouts/application (Duration: 7.9ms | Allocations: 1226)
  Rendered layout layouts/application.html.erb (Duration: 14.5ms | Allocations: 3294)
Completed 422 Unprocessable Entity in 22ms (Views: 16.0ms | ActiveRecord: 0.0ms | Allocations: 4303)


Started POST "/articles" for 127.0.0.1 at 2022-02-03 16:43:23 +0900
Processing by ArticlesController#create as TURBO_STREAM
  Parameters: {"authenticity_token"=>"[FILTERED]", "article"=>{"title"=>"hh", "body"=>"2"}, "commit"=>"Create Article"}
  Rendering layout layouts/application.html.erb
  Rendering articles/new.html.erb within layouts/application
  Rendered articles/new.html.erb within layouts/application (Duration: 6.8ms | Allocations: 1226)
  Rendered layout layouts/application.html.erb (Duration: 13.2ms | Allocations: 3299)
Completed 422 Unprocessable Entity in 20ms (Views: 14.7ms | ActiveRecord: 0.0ms | Allocations: 4316)


Started POST "/articles" for 127.0.0.1 at 2022-02-03 16:43:25 +0900
Processing by ArticlesController#create as TURBO_STREAM
  Parameters: {"authenticity_token"=>"[FILTERED]", "article"=>{"title"=>"hh", "body"=>"2"}, "commit"=>"Create Article"}
  Rendering layout layouts/application.html.erb
  Rendering articles/new.html.erb within layouts/application
  Rendered articles/new.html.erb within layouts/application (Duration: 6.7ms | Allocations: 1226)
  Rendered layout layouts/application.html.erb (Duration: 13.0ms | Allocations: 3299)
Completed 422 Unprocessable Entity in 20ms (Views: 14.3ms | ActiveRecord: 0.0ms | Allocations: 4320)


Started POST "/articles" for 127.0.0.1 at 2022-02-03 16:44:28 +0900
Processing by ArticlesController#create as TURBO_STREAM
  Parameters: {"authenticity_token"=>"[FILTERED]", "article"=>{"title"=>"self intoroduction", "body"=>"my name is pyeongseok!"}, "commit"=>"Create Article"}
  [1m[36mTRANSACTION (0.1ms)[0m  [1m[36mbegin transaction[0m
  ↳ app/controllers/articles_controller.rb:17:in `create'
  [1m[36mArticle Create (0.7ms)[0m  [1m[32mINSERT INTO "articles" ("title", "body", "created_at", "updated_at") VALUES (?, ?, ?, ?)[0m  [["title", "self intoroduction"], ["body", "my name is pyeongseok!"], ["created_at", "2022-02-03 07:44:28.128231"], ["updated_at", "2022-02-03 07:44:28.128231"]]
  ↳ app/controllers/articles_controller.rb:17:in `create'
  [1m[36mTRANSACTION (0.6ms)[0m  [1m[36mcommit transaction[0m
  ↳ app/controllers/articles_controller.rb:17:in `create'
Redirected to http://127.0.0.1:3000/articles/2
Completed 302 Found in 13ms (ActiveRecord: 1.5ms | Allocations: 2654)


Started GET "/articles/2" for 127.0.0.1 at 2022-02-03 16:44:28 +0900
Processing by ArticlesController#show as TURBO_STREAM
  Parameters: {"id"=>"2"}
  [1m[36mArticle Load (0.2ms)[0m  [1m[34mSELECT "articles".* FROM "articles" WHERE "articles"."id" = ? LIMIT ?[0m  [["id", 2], ["LIMIT", 1]]
  ↳ app/controllers/articles_controller.rb:7:in `show'
  Rendering layout layouts/application.html.erb
  Rendering articles/show.html.erb within layouts/application
  Rendered articles/show.html.erb within layouts/application (Duration: 0.1ms | Allocations: 19)
  Rendered layout layouts/application.html.erb (Duration: 5.7ms | Allocations: 2249)
Completed 200 OK in 9ms (Views: 6.6ms | ActiveRecord: 0.2ms | Allocations: 2952)


Started GET "/" for 127.0.0.1 at 2022-02-03 16:44:32 +0900
Processing by ArticlesController#index as HTML
  Rendering layout layouts/application.html.erb
  Rendering articles/index.html.erb within layouts/application
  [1m[36mArticle Load (0.4ms)[0m  [1m[34mSELECT "articles".* FROM "articles"[0m
  ↳ app/views/articles/index.html.erb:4
  Rendered articles/index.html.erb within layouts/application (Duration: 4.9ms | Allocations: 621)
  Rendered layout layouts/application.html.erb (Duration: 11.7ms | Allocations: 2842)
Completed 200 OK in 16ms (Views: 13.7ms | ActiveRecord: 0.4ms | Allocations: 3105)


Started GET "/" for 127.0.0.1 at 2022-02-03 16:49:23 +0900
Processing by ArticlesController#index as HTML
  Rendering layout layouts/application.html.erb
  Rendering articles/index.html.erb within layouts/application
  [1m[35m (0.1ms)[0m  [1m[34mSELECT sqlite_version(*)[0m
  ↳ app/views/articles/index.html.erb:4
  [1m[36mArticle Load (0.1ms)[0m  [1m[34mSELECT "articles".* FROM "articles"[0m
  ↳ app/views/articles/index.html.erb:4
  Rendered articles/index.html.erb within layouts/application (Duration: 4.9ms | Allocations: 2587)
  Rendered layout layouts/application.html.erb (Duration: 17.7ms | Allocations: 16465)
Completed 200 OK in 21ms (Views: 18.9ms | ActiveRecord: 0.6ms | Allocations: 17895)


Started GET "/articles/2" for 127.0.0.1 at 2022-02-03 16:49:25 +0900
Processing by ArticlesController#show as HTML
  Parameters: {"id"=>"2"}
  [1m[36mArticle Load (0.4ms)[0m  [1m[34mSELECT "articles".* FROM "articles" WHERE "articles"."id" = ? LIMIT ?[0m  [["id", 2], ["LIMIT", 1]]
  ↳ app/controllers/articles_controller.rb:7:in `show'
  Rendering layout layouts/application.html.erb
  Rendering articles/show.html.erb within layouts/application
  Rendered articles/show.html.erb within layouts/application (Duration: 1.3ms | Allocations: 217)
  Rendered layout layouts/application.html.erb (Duration: 9.1ms | Allocations: 2452)
Completed 200 OK in 17ms (Views: 10.2ms | ActiveRecord: 0.4ms | Allocations: 3746)


Started GET "/articles/2/edit" for 127.0.0.1 at 2022-02-03 16:49:26 +0900
Processing by ArticlesController#edit as HTML
  Parameters: {"id"=>"2"}
  [1m[36mArticle Load (0.5ms)[0m  [1m[34mSELECT "articles".* FROM "articles" WHERE "articles"."id" = ? LIMIT ?[0m  [["id", 2], ["LIMIT", 1]]
  ↳ app/controllers/articles_controller.rb:25:in `edit'
  Rendering layout layouts/application.html.erb
  Rendering articles/edit.html.erb within layouts/application
  Rendered articles/_form.html.erb (Duration: 5.7ms | Allocations: 1229)
  Rendered articles/edit.html.erb within layouts/application (Duration: 8.2ms | Allocations: 1487)
  Rendered layout layouts/application.html.erb (Duration: 14.5ms | Allocations: 3564)
Completed 200 OK in 22ms (Views: 16.0ms | ActiveRecord: 0.5ms | Allocations: 4318)


  [1m[35m (0.6ms)[0m  [1m[34mSELECT sqlite_version(*)[0m
  [1m[36mActiveRecord::SchemaMigration Pluck (0.1ms)[0m  [1m[34mSELECT "schema_migrations"."version" FROM "schema_migrations" ORDER BY "schema_migrations"."version" ASC[0m
Migrating to CreateComments (20220203075047)
  [1m[36mTRANSACTION (0.0ms)[0m  [1m[36mbegin transaction[0m
  [1m[35m (0.2ms)[0m  [1m[35mCREATE TABLE "comments" ("id" integer PRIMARY KEY AUTOINCREMENT NOT NULL, "commenter" varchar, "body" text, "article_id" integer NOT NULL, "created_at" datetime(6) NOT NULL, "updated_at" datetime(6) NOT NULL, CONSTRAINT "fk_rails_3bf61a60d3"
FOREIGN KEY ("article_id")
  REFERENCES "articles" ("id")
)[0m
  [1m[35m (0.1ms)[0m  [1m[35mCREATE INDEX "index_comments_on_article_id" ON "comments" ("article_id")[0m
  [1m[36mActiveRecord::SchemaMigration Create (0.1ms)[0m  [1m[32mINSERT INTO "schema_migrations" ("version") VALUES (?)[0m  [["version", "20220203075047"]]
  [1m[36mTRANSACTION (0.3ms)[0m  [1m[36mcommit transaction[0m
  [1m[36mActiveRecord::InternalMetadata Load (0.1ms)[0m  [1m[34mSELECT "ar_internal_metadata".* FROM "ar_internal_metadata" WHERE "ar_internal_metadata"."key" = ? LIMIT ?[0m  [["key", "environment"], ["LIMIT", 1]]
  [1m[35m (0.0ms)[0m  [1m[34mSELECT sqlite_version(*)[0m
  [1m[36mActiveRecord::SchemaMigration Pluck (0.1ms)[0m  [1m[34mSELECT "schema_migrations"."version" FROM "schema_migrations" ORDER BY "schema_migrations"."version" ASC[0m
Started GET "/" for 127.0.0.1 at 2022-02-03 16:59:16 +0900
  [1m[35m (0.6ms)[0m  [1m[34mSELECT sqlite_version(*)[0m
  [1m[36mActiveRecord::SchemaMigration Pluck (0.1ms)[0m  [1m[34mSELECT "schema_migrations"."version" FROM "schema_migrations" ORDER BY "schema_migrations"."version" ASC[0m
Processing by ArticlesController#index as HTML
  Rendering layout layouts/application.html.erb
  Rendering articles/index.html.erb within layouts/application
  [1m[36mArticle Load (0.4ms)[0m  [1m[34mSELECT "articles".* FROM "articles"[0m
  ↳ app/views/articles/index.html.erb:4
  Rendered articles/index.html.erb within layouts/application (Duration: 7.3ms | Allocations: 5035)
  Rendered layout layouts/application.html.erb (Duration: 51.4ms | Allocations: 39702)
Completed 200 OK in 66ms (Views: 53.3ms | ActiveRecord: 0.7ms | Allocations: 47006)


Started GET "/articles/2" for 127.0.0.1 at 2022-02-03 16:59:17 +0900
Processing by ArticlesController#show as HTML
  Parameters: {"id"=>"2"}
  [1m[36mArticle Load (0.4ms)[0m  [1m[34mSELECT "articles".* FROM "articles" WHERE "articles"."id" = ? LIMIT ?[0m  [["id", 2], ["LIMIT", 1]]
  ↳ app/controllers/articles_controller.rb:7:in `show'
  Rendering layout layouts/application.html.erb
  Rendering articles/show.html.erb within layouts/application
  [1m[36mComment Load (0.3ms)[0m  [1m[34mSELECT "comments".* FROM "comments" WHERE "comments"."article_id" = ?[0m  [["article_id", 2]]
  ↳ app/views/articles/show.html.erb:14
  Rendered articles/show.html.erb within layouts/application (Duration: 96.6ms | Allocations: 19684)
  Rendered layout layouts/application.html.erb (Duration: 96.9ms | Allocations: 19759)
Completed 500 Internal Server Error in 106ms (ActiveRecord: 1.3ms | Allocations: 22173)


  
ActionView::Template::Error (undefined method `article_comments_path' for #<ActionView::Base:0x0000000000bea0>
Did you mean?  article_path):
    24: <% end %>
    25: 
    26: <h2>Add a comment:</h2>
    27: <%= form_with model: [ @article, @article.comments.build ] do |form| %>
    28:   <p>
    29:     <%= form.label :commenter %><br>
    30:     <%= form.text_field :commenter %>
  
app/views/articles/show.html.erb:27
Started GET "/" for 127.0.0.1 at 2022-02-03 17:00:29 +0900
Processing by ArticlesController#index as HTML
  Rendering layout layouts/application.html.erb
  Rendering articles/index.html.erb within layouts/application
  [1m[35m (0.1ms)[0m  [1m[34mSELECT sqlite_version(*)[0m
  ↳ app/views/articles/index.html.erb:4
  [1m[36mArticle Load (0.4ms)[0m  [1m[34mSELECT "articles".* FROM "articles"[0m
  ↳ app/views/articles/index.html.erb:4
  Rendered articles/index.html.erb within layouts/application (Duration: 11.4ms | Allocations: 2636)
  Rendered layout layouts/application.html.erb (Duration: 27.2ms | Allocations: 16558)
Completed 200 OK in 32ms (Views: 28.5ms | ActiveRecord: 1.2ms | Allocations: 18850)


Started GET "/articles/2" for 127.0.0.1 at 2022-02-03 17:00:31 +0900
Processing by ArticlesController#show as HTML
  Parameters: {"id"=>"2"}
  [1m[36mArticle Load (0.5ms)[0m  [1m[34mSELECT "articles".* FROM "articles" WHERE "articles"."id" = ? LIMIT ?[0m  [["id", 2], ["LIMIT", 1]]
  ↳ app/controllers/articles_controller.rb:7:in `show'
  Rendering layout layouts/application.html.erb
  Rendering articles/show.html.erb within layouts/application
  Rendered articles/show.html.erb within layouts/application (Duration: 27.8ms | Allocations: 6852)
  Rendered layout layouts/application.html.erb (Duration: 33.0ms | Allocations: 8929)
Completed 200 OK in 43ms (Views: 33.2ms | ActiveRecord: 1.4ms | Allocations: 10223)


Started POST "/articles/2/comments" for 127.0.0.1 at 2022-02-03 17:00:43 +0900
Processing by CommentsController#create as TURBO_STREAM
  Parameters: {"authenticity_token"=>"[FILTERED]", "comment"=>{"commenter"=>"pp", "body"=>"nice~!"}, "commit"=>"Create Comment", "article_id"=>"2"}
  [1m[36mArticle Load (0.2ms)[0m  [1m[34mSELECT "articles".* FROM "articles" WHERE "articles"."id" = ? LIMIT ?[0m  [["id", 2], ["LIMIT", 1]]
  ↳ app/controllers/comments_controller.rb:3:in `create'
  [1m[36mTRANSACTION (0.1ms)[0m  [1m[36mbegin transaction[0m
  ↳ app/controllers/comments_controller.rb:4:in `create'
  [1m[36mComment Create (0.8ms)[0m  [1m[32mINSERT INTO "comments" ("commenter", "body", "article_id", "created_at", "updated_at") VALUES (?, ?, ?, ?, ?)[0m  [["commenter", "pp"], ["body", "nice~!"], ["article_id", 2], ["created_at", "2022-02-03 08:00:43.794807"], ["updated_at", "2022-02-03 08:00:43.794807"]]
  ↳ app/controllers/comments_controller.rb:4:in `create'
  [1m[36mTRANSACTION (0.8ms)[0m  [1m[36mcommit transaction[0m
  ↳ app/controllers/comments_controller.rb:4:in `create'
Redirected to http://127.0.0.1:3000/articles/2
Completed 302 Found in 14ms (ActiveRecord: 1.9ms | Allocations: 3539)


Started GET "/articles/2" for 127.0.0.1 at 2022-02-03 17:00:43 +0900
Processing by ArticlesController#show as TURBO_STREAM
  Parameters: {"id"=>"2"}
  [1m[36mArticle Load (0.1ms)[0m  [1m[34mSELECT "articles".* FROM "articles" WHERE "articles"."id" = ? LIMIT ?[0m  [["id", 2], ["LIMIT", 1]]
  ↳ app/controllers/articles_controller.rb:7:in `show'
  Rendering layout layouts/application.html.erb
  Rendering articles/show.html.erb within layouts/application
  Rendered articles/show.html.erb within layouts/application (Duration: 3.9ms | Allocations: 1062)
  Rendered layout layouts/application.html.erb (Duration: 7.9ms | Allocations: 3131)
Completed 200 OK in 10ms (Views: 8.5ms | ActiveRecord: 0.1ms | Allocations: 3880)


Started GET "/articles/" for 127.0.0.1 at 2022-02-03 17:00:49 +0900
Processing by ArticlesController#index as HTML
  Rendering layout layouts/application.html.erb
  Rendering articles/index.html.erb within layouts/application
  [1m[36mArticle Load (0.4ms)[0m  [1m[34mSELECT "articles".* FROM "articles"[0m
  ↳ app/views/articles/index.html.erb:4
  Rendered articles/index.html.erb within layouts/application (Duration: 4.8ms | Allocations: 626)
  Rendered layout layouts/application.html.erb (Duration: 12.2ms | Allocations: 2859)
Completed 200 OK in 16ms (Views: 13.7ms | ActiveRecord: 0.4ms | Allocations: 3131)


Started GET "/articles/2" for 127.0.0.1 at 2022-02-03 17:00:51 +0900
Processing by ArticlesController#show as HTML
  Parameters: {"id"=>"2"}
  [1m[36mArticle Load (0.4ms)[0m  [1m[34mSELECT "articles".* FROM "articles" WHERE "articles"."id" = ? LIMIT ?[0m  [["id", 2], ["LIMIT", 1]]
  ↳ app/controllers/articles_controller.rb:7:in `show'
  Rendering layout layouts/application.html.erb
  Rendering articles/show.html.erb within layouts/application
  Rendered articles/show.html.erb within layouts/application (Duration: 6.1ms | Allocations: 1069)
  Rendered layout layouts/application.html.erb (Duration: 12.8ms | Allocations: 3139)
Completed 200 OK in 20ms (Views: 14.3ms | ActiveRecord: 0.4ms | Allocations: 3852)


Started GET "/articles/2" for 127.0.0.1 at 2022-02-03 17:03:47 +0900
Processing by ArticlesController#show as HTML
  Parameters: {"id"=>"2"}
  [1m[36mArticle Load (0.3ms)[0m  [1m[34mSELECT "articles".* FROM "articles" WHERE "articles"."id" = ? LIMIT ?[0m  [["id", 2], ["LIMIT", 1]]
  ↳ app/controllers/articles_controller.rb:7:in `show'
  Rendering layout layouts/application.html.erb
  Rendering articles/show.html.erb within layouts/application
  Rendered articles/show.html.erb within layouts/application (Duration: 7.6ms | Allocations: 1073)
  Rendered layout layouts/application.html.erb (Duration: 14.1ms | Allocations: 3141)
Completed 200 OK in 20ms (Views: 15.5ms | ActiveRecord: 0.3ms | Allocations: 3839)


Started GET "/articles/1" for 127.0.0.1 at 2022-02-03 17:03:49 +0900
Processing by ArticlesController#show as HTML
  Parameters: {"id"=>"1"}
  [1m[36mArticle Load (0.3ms)[0m  [1m[34mSELECT "articles".* FROM "articles" WHERE "articles"."id" = ? LIMIT ?[0m  [["id", 1], ["LIMIT", 1]]
  ↳ app/controllers/articles_controller.rb:7:in `show'
  Rendering layout layouts/application.html.erb
  Rendering articles/show.html.erb within layouts/application
  Rendered articles/show.html.erb within layouts/application (Duration: 6.3ms | Allocations: 1064)
  Rendered layout layouts/application.html.erb (Duration: 12.5ms | Allocations: 3132)
Completed 200 OK in 19ms (Views: 13.9ms | ActiveRecord: 0.3ms | Allocations: 3830)


Started GET "/articles/2" for 127.0.0.1 at 2022-02-03 17:04:23 +0900
Processing by ArticlesController#show as HTML
  Parameters: {"id"=>"2"}
  [1m[36mArticle Load (0.3ms)[0m  [1m[34mSELECT "articles".* FROM "articles" WHERE "articles"."id" = ? LIMIT ?[0m  [["id", 2], ["LIMIT", 1]]
  ↳ app/controllers/articles_controller.rb:7:in `show'
  Rendering layout layouts/application.html.erb
  Rendering articles/show.html.erb within layouts/application
  [1m[36mComment Load (0.3ms)[0m  [1m[34mSELECT "comments".* FROM "comments" WHERE "comments"."article_id" = ?[0m  [["article_id", 2]]
  ↳ app/views/articles/show.html.erb:14
  Rendered articles/show.html.erb within layouts/application (Duration: 12.1ms | Allocations: 2849)
  Rendered layout layouts/application.html.erb (Duration: 19.6ms | Allocations: 5140)
Completed 200 OK in 33ms (Views: 26.5ms | ActiveRecord: 0.7ms | Allocations: 6502)


Started GET "/articles/" for 127.0.0.1 at 2022-02-03 17:29:45 +0900
  [1m[35m (0.6ms)[0m  [1m[34mSELECT sqlite_version(*)[0m
  [1m[36mActiveRecord::SchemaMigration Pluck (0.1ms)[0m  [1m[34mSELECT "schema_migrations"."version" FROM "schema_migrations" ORDER BY "schema_migrations"."version" ASC[0m
Processing by ArticlesController#index as HTML
  Rendering layout layouts/application.html.erb
  Rendering articles/index.html.erb within layouts/application
  [1m[36mArticle Load (0.4ms)[0m  [1m[34mSELECT "articles".* FROM "articles"[0m
  ↳ app/views/articles/index.html.erb:4
  Rendered articles/index.html.erb within layouts/application (Duration: 7.2ms | Allocations: 5035)
  Rendered layout layouts/application.html.erb (Duration: 53.7ms | Allocations: 39725)
Completed 200 OK in 66ms (Views: 55.5ms | ActiveRecord: 0.7ms | Allocations: 46761)


Started GET "/articles/2" for 127.0.0.1 at 2022-02-03 17:29:48 +0900
Processing by ArticlesController#show as HTML
  Parameters: {"id"=>"2"}
  [1m[36mArticle Load (0.2ms)[0m  [1m[34mSELECT "articles".* FROM "articles" WHERE "articles"."id" = ? LIMIT ?[0m  [["id", 2], ["LIMIT", 1]]
  ↳ app/controllers/articles_controller.rb:7:in `show'
  Rendering layout layouts/application.html.erb
  Rendering articles/show.html.erb within layouts/application
  [1m[36mComment Load (0.3ms)[0m  [1m[34mSELECT "comments".* FROM "comments" WHERE "comments"."article_id" = ?[0m  [["article_id", 2]]
  ↳ app/views/articles/show.html.erb:14
  Rendered articles/show.html.erb within layouts/application (Duration: 30.3ms | Allocations: 14971)
  Rendered layout layouts/application.html.erb (Duration: 34.2ms | Allocations: 17050)
Completed 200 OK in 43ms (Views: 34.1ms | ActiveRecord: 0.9ms | Allocations: 19488)


Started GET "/" for 127.0.0.1 at 2022-02-03 17:31:18 +0900
Processing by ArticlesController#index as HTML
  Rendering layout layouts/application.html.erb
  Rendering articles/index.html.erb within layouts/application
  [1m[36mArticle Load (0.3ms)[0m  [1m[34mSELECT "articles".* FROM "articles"[0m
  ↳ app/views/articles/index.html.erb:4
  Rendered articles/index.html.erb within layouts/application (Duration: 2.7ms | Allocations: 626)
  Rendered layout layouts/application.html.erb (Duration: 7.2ms | Allocations: 2877)
Completed 200 OK in 10ms (Views: 8.3ms | ActiveRecord: 0.3ms | Allocations: 3150)


Started GET "/articles/1" for 127.0.0.1 at 2022-02-03 17:55:04 +0900
  [1m[35m (0.6ms)[0m  [1m[34mSELECT sqlite_version(*)[0m
  [1m[36mActiveRecord::SchemaMigration Pluck (0.1ms)[0m  [1m[34mSELECT "schema_migrations"."version" FROM "schema_migrations" ORDER BY "schema_migrations"."version" ASC[0m
Processing by ArticlesController#show as HTML
  Parameters: {"id"=>"1"}
  [1m[36mArticle Load (0.5ms)[0m  [1m[34mSELECT "articles".* FROM "articles" WHERE "articles"."id" = ? LIMIT ?[0m  [["id", 1], ["LIMIT", 1]]
  ↳ app/controllers/articles_controller.rb:7:in `show'
  Rendering layout layouts/application.html.erb
  Rendering articles/show.html.erb within layouts/application
  [1m[36mComment Load (0.2ms)[0m  [1m[34mSELECT "comments".* FROM "comments" WHERE "comments"."article_id" = ?[0m  [["article_id", 1]]
  ↳ app/views/articles/show.html.erb:14
  Rendered articles/show.html.erb within layouts/application (Duration: 29.9ms | Allocations: 15192)
  Rendered layout layouts/application.html.erb (Duration: 75.4ms | Allocations: 49611)
Completed 200 OK in 100ms (Views: 77.6ms | ActiveRecord: 1.7ms | Allocations: 62704)


Started DELETE "/articles/1" for 127.0.0.1 at 2022-02-03 17:55:38 +0900
  [1m[35m (0.5ms)[0m  [1m[34mSELECT sqlite_version(*)[0m
  [1m[36mActiveRecord::SchemaMigration Pluck (0.1ms)[0m  [1m[34mSELECT "schema_migrations"."version" FROM "schema_migrations" ORDER BY "schema_migrations"."version" ASC[0m
Processing by ArticlesController#destroy as TURBO_STREAM
  Parameters: {"id"=>"1"}
  [1m[36mArticle Load (0.1ms)[0m  [1m[34mSELECT "articles".* FROM "articles" WHERE "articles"."id" = ? LIMIT ?[0m  [["id", 1], ["LIMIT", 1]]
  ↳ app/controllers/articles_controller.rb:39:in `destroy'
  [1m[36mTRANSACTION (0.1ms)[0m  [1m[36mbegin transaction[0m
  ↳ app/controllers/articles_controller.rb:40:in `destroy'
  [1m[36mArticle Destroy (0.3ms)[0m  [1m[31mDELETE FROM "articles" WHERE "articles"."id" = ?[0m  [["id", 1]]
  ↳ app/controllers/articles_controller.rb:40:in `destroy'
  [1m[36mTRANSACTION (0.5ms)[0m  [1m[36mcommit transaction[0m
  ↳ app/controllers/articles_controller.rb:40:in `destroy'
Redirected to http://127.0.0.1:3000/
Completed 303 See Other in 20ms (ActiveRecord: 1.4ms | Allocations: 12373)


Started GET "/" for 127.0.0.1 at 2022-02-03 17:55:38 +0900
Processing by ArticlesController#index as TURBO_STREAM
  Rendering layout layouts/application.html.erb
  Rendering articles/index.html.erb within layouts/application
  [1m[36mArticle Load (0.1ms)[0m  [1m[34mSELECT "articles".* FROM "articles"[0m
  ↳ app/views/articles/index.html.erb:4
  Rendered articles/index.html.erb within layouts/application (Duration: 2.2ms | Allocations: 1019)
  Rendered layout layouts/application.html.erb (Duration: 38.3ms | Allocations: 35231)
Completed 200 OK in 43ms (Views: 40.5ms | ActiveRecord: 0.1ms | Allocations: 37822)


Started GET "/articles/1" for 127.0.0.1 at 2022-02-03 17:59:03 +0900
Processing by ArticlesController#show as HTML
  Parameters: {"id"=>"1"}
  [1m[36mArticle Load (0.1ms)[0m  [1m[34mSELECT "articles".* FROM "articles" WHERE "articles"."id" = ? LIMIT ?[0m  [["id", 1], ["LIMIT", 1]]
  ↳ app/controllers/articles_controller.rb:7:in `show'
Completed 404 Not Found in 2ms (ActiveRecord: 0.1ms | Allocations: 887)


  
ActiveRecord::RecordNotFound (Couldn't find Article with 'id'=1):
  
app/controllers/articles_controller.rb:7:in `show'
Started GET "/articles/" for 127.0.0.1 at 2022-02-03 17:59:12 +0900
Processing by ArticlesController#index as HTML
  Rendering layout layouts/application.html.erb
  Rendering articles/index.html.erb within layouts/application
  [1m[36mArticle Load (0.1ms)[0m  [1m[34mSELECT "articles".* FROM "articles"[0m
  ↳ app/views/articles/index.html.erb:4
  Rendered articles/index.html.erb within layouts/application (Duration: 2.9ms | Allocations: 791)
  Rendered layout layouts/application.html.erb (Duration: 7.8ms | Allocations: 3266)
Completed 200 OK in 14ms (Views: 11.5ms | ActiveRecord: 0.1ms | Allocations: 4157)


Started GET "/articles/2" for 127.0.0.1 at 2022-02-03 17:59:14 +0900
Processing by ArticlesController#show as HTML
  Parameters: {"id"=>"2"}
  [1m[36mArticle Load (0.3ms)[0m  [1m[34mSELECT "articles".* FROM "articles" WHERE "articles"."id" = ? LIMIT ?[0m  [["id", 2], ["LIMIT", 1]]
  ↳ app/controllers/articles_controller.rb:7:in `show'
  Rendering layout layouts/application.html.erb
  Rendering articles/show.html.erb within layouts/application
  [1m[36mComment Load (0.4ms)[0m  [1m[34mSELECT "comments".* FROM "comments" WHERE "comments"."article_id" = ?[0m  [["article_id", 2]]
  ↳ app/views/articles/show.html.erb:14
  Rendered articles/show.html.erb within layouts/application (Duration: 28.7ms | Allocations: 15104)
  Rendered layout layouts/application.html.erb (Duration: 32.7ms | Allocations: 17189)
Completed 200 OK in 39ms (Views: 33.3ms | ActiveRecord: 1.1ms | Allocations: 17958)


Started GET "/" for 127.0.0.1 at 2022-02-03 17:59:16 +0900
Processing by ArticlesController#index as HTML
  Rendering layout layouts/application.html.erb
  Rendering articles/index.html.erb within layouts/application
  [1m[36mArticle Load (0.4ms)[0m  [1m[34mSELECT "articles".* FROM "articles"[0m
  ↳ app/views/articles/index.html.erb:4
  Rendered articles/index.html.erb within layouts/application (Duration: 5.3ms | Allocations: 589)
  Rendered layout layouts/application.html.erb (Duration: 9.1ms | Allocations: 2828)
Completed 200 OK in 12ms (Views: 10.4ms | ActiveRecord: 0.4ms | Allocations: 3104)


Started GET "/" for 127.0.0.1 at 2022-02-03 17:59:23 +0900
Processing by ArticlesController#index as HTML
  Rendering layout layouts/application.html.erb
  Rendering articles/index.html.erb within layouts/application
  [1m[36mArticle Load (0.3ms)[0m  [1m[34mSELECT "articles".* FROM "articles"[0m
  ↳ app/views/articles/index.html.erb:4
  Rendered articles/index.html.erb within layouts/application (Duration: 4.8ms | Allocations: 581)
  Rendered layout layouts/application.html.erb (Duration: 8.9ms | Allocations: 2815)
Completed 200 OK in 12ms (Views: 10.1ms | ActiveRecord: 0.3ms | Allocations: 3087)


Started GET "/" for 127.0.0.1 at 2022-02-03 18:03:19 +0900
Processing by ArticlesController#index as HTML
  Rendering layout layouts/application.html.erb
  Rendering articles/index.html.erb within layouts/application
  [1m[35m (0.1ms)[0m  [1m[34mSELECT sqlite_version(*)[0m
  ↳ app/views/articles/index.html.erb:4
  [1m[36mArticle Load (0.3ms)[0m  [1m[34mSELECT "articles".* FROM "articles"[0m
  ↳ app/views/articles/index.html.erb:4
  Rendered articles/index.html.erb within layouts/application (Duration: 5.7ms | Allocations: 2552)
  Rendered layout layouts/application.html.erb (Duration: 21.4ms | Allocations: 16441)
Completed 200 OK in 28ms (Views: 23.1ms | ActiveRecord: 0.8ms | Allocations: 18724)


Started GET "/articles/2" for 127.0.0.1 at 2022-02-03 18:03:21 +0900
Processing by ArticlesController#show as HTML
  Parameters: {"id"=>"2"}
  [1m[36mArticle Load (0.4ms)[0m  [1m[34mSELECT "articles".* FROM "articles" WHERE "articles"."id" = ? LIMIT ?[0m  [["id", 2], ["LIMIT", 1]]
  ↳ app/controllers/articles_controller.rb:7:in `show'
  Rendering layout layouts/application.html.erb
  Rendering articles/show.html.erb within layouts/application
  [1m[36mComment Load (0.1ms)[0m  [1m[34mSELECT "comments".* FROM "comments" WHERE "comments"."article_id" = ?[0m  [["article_id", 2]]
  ↳ app/views/articles/show.html.erb:14
  Rendered articles/show.html.erb within layouts/application (Duration: 13.2ms | Allocations: 6237)
  Rendered layout layouts/application.html.erb (Duration: 17.1ms | Allocations: 8314)
Completed 200 OK in 26ms (Views: 17.5ms | ActiveRecord: 0.9ms | Allocations: 9610)


Started GET "/articles/2/edit" for 127.0.0.1 at 2022-02-03 18:04:15 +0900
Processing by ArticlesController#edit as HTML
  Parameters: {"id"=>"2"}
  [1m[36mArticle Load (0.5ms)[0m  [1m[34mSELECT "articles".* FROM "articles" WHERE "articles"."id" = ? LIMIT ?[0m  [["id", 2], ["LIMIT", 1]]
  ↳ app/controllers/articles_controller.rb:25:in `edit'
  Rendering layout layouts/application.html.erb
  Rendering articles/edit.html.erb within layouts/application
  Rendered articles/_form.html.erb (Duration: 2.7ms | Allocations: 1282)
  Rendered articles/edit.html.erb within layouts/application (Duration: 3.7ms | Allocations: 1539)
  Rendered layout layouts/application.html.erb (Duration: 7.2ms | Allocations: 3617)
Completed 200 OK in 15ms (Views: 8.6ms | ActiveRecord: 0.5ms | Allocations: 4371)


Started GET "/" for 127.0.0.1 at 2022-02-03 18:09:26 +0900
Processing by ArticlesController#index as HTML
  Rendering layout layouts/application.html.erb
  Rendering articles/index.html.erb within layouts/application
  [1m[36mArticle Load (0.1ms)[0m  [1m[34mSELECT "articles".* FROM "articles"[0m
  ↳ app/views/articles/index.html.erb:4
  Rendered articles/index.html.erb within layouts/application (Duration: 2.3ms | Allocations: 785)
  Rendered layout layouts/application.html.erb (Duration: 8.7ms | Allocations: 3243)
Completed 200 OK in 15ms (Views: 12.0ms | ActiveRecord: 0.1ms | Allocations: 4169)


Started GET "/articles/2" for 127.0.0.1 at 2022-02-03 18:09:28 +0900
Processing by ArticlesController#show as HTML
  Parameters: {"id"=>"2"}
  [1m[36mArticle Load (0.6ms)[0m  [1m[34mSELECT "articles".* FROM "articles" WHERE "articles"."id" = ? LIMIT ?[0m  [["id", 2], ["LIMIT", 1]]
  ↳ app/controllers/articles_controller.rb:7:in `show'
  Rendering layout layouts/application.html.erb
  Rendering articles/show.html.erb within layouts/application
  [1m[36mArticle Load (0.1ms)[0m  [1m[34mSELECT "articles".* FROM "articles" WHERE "articles"."id" = ? LIMIT ?[0m  [["id", 2], ["LIMIT", 1]]
  ↳ app/views/articles/show.html.erb:6
  [1m[36mComment Load (0.1ms)[0m  [1m[34mSELECT "comments".* FROM "comments" WHERE "comments"."article_id" = ?[0m  [["article_id", 2]]
  ↳ app/views/articles/show.html.erb:15
  Rendered articles/show.html.erb within layouts/application (Duration: 13.5ms | Allocations: 2577)
  Rendered layout layouts/application.html.erb (Duration: 16.5ms | Allocations: 4669)
Completed 200 OK in 22ms (Views: 16.8ms | ActiveRecord: 0.9ms | Allocations: 5424)


Started GET "/articles/2" for 127.0.0.1 at 2022-02-03 18:09:57 +0900
Processing by ArticlesController#show as HTML
  Parameters: {"id"=>"2"}
  [1m[36mArticle Load (0.3ms)[0m  [1m[34mSELECT "articles".* FROM "articles" WHERE "articles"."id" = ? LIMIT ?[0m  [["id", 2], ["LIMIT", 1]]
  ↳ app/controllers/articles_controller.rb:7:in `show'
  Rendering layout layouts/application.html.erb
  Rendering articles/show.html.erb within layouts/application
  [1m[36mArticle Load (0.1ms)[0m  [1m[34mSELECT "articles".* FROM "articles" WHERE "articles"."id" = ? LIMIT ?[0m  [["id", 2], ["LIMIT", 1]]
  ↳ app/views/articles/show.html.erb:6
  [1m[36mComment Load (0.1ms)[0m  [1m[34mSELECT "comments".* FROM "comments" WHERE "comments"."article_id" = ?[0m  [["article_id", 2]]
  ↳ app/views/articles/show.html.erb:15
  Rendered articles/show.html.erb within layouts/application (Duration: 5.6ms | Allocations: 2557)
  Rendered layout layouts/application.html.erb (Duration: 10.1ms | Allocations: 4848)
Completed 200 OK in 18ms (Views: 11.7ms | ActiveRecord: 0.4ms | Allocations: 6206)


Started GET "/" for 127.0.0.1 at 2022-02-03 18:10:27 +0900
Processing by ArticlesController#index as HTML
  Rendering layout layouts/application.html.erb
  Rendering articles/index.html.erb within layouts/application
  [1m[36mArticle Load (0.1ms)[0m  [1m[34mSELECT "articles".* FROM "articles"[0m
  ↳ app/views/articles/index.html.erb:4
  Rendered articles/index.html.erb within layouts/application (Duration: 2.8ms | Allocations: 785)
  Rendered layout layouts/application.html.erb (Duration: 6.9ms | Allocations: 3019)
Completed 200 OK in 10ms (Views: 8.2ms | ActiveRecord: 0.1ms | Allocations: 3338)


Started GET "/articles/2" for 127.0.0.1 at 2022-02-03 18:10:32 +0900
Processing by ArticlesController#show as HTML
  Parameters: {"id"=>"2"}
  [1m[36mArticle Load (0.2ms)[0m  [1m[34mSELECT "articles".* FROM "articles" WHERE "articles"."id" = ? LIMIT ?[0m  [["id", 2], ["LIMIT", 1]]
  ↳ app/controllers/articles_controller.rb:7:in `show'
  Rendering layout layouts/application.html.erb
  Rendering articles/show.html.erb within layouts/application
  [1m[36mArticle Load (0.6ms)[0m  [1m[34mSELECT "articles".* FROM "articles" WHERE "articles"."id" = ? LIMIT ?[0m  [["id", 2], ["LIMIT", 1]]
  ↳ app/views/articles/show.html.erb:6
  [1m[36mComment Load (0.1ms)[0m  [1m[34mSELECT "comments".* FROM "comments" WHERE "comments"."article_id" = ?[0m  [["article_id", 2]]
  ↳ app/views/articles/show.html.erb:15
  Rendered articles/show.html.erb within layouts/application (Duration: 6.7ms | Allocations: 2110)
  Rendered layout layouts/application.html.erb (Duration: 11.1ms | Allocations: 4178)
Completed 200 OK in 17ms (Views: 12.1ms | ActiveRecord: 0.9ms | Allocations: 4878)


Started GET "/articles/2" for 127.0.0.1 at 2022-02-03 18:11:33 +0900
Processing by ArticlesController#show as HTML
  Parameters: {"id"=>"2"}
  [1m[36mArticle Load (0.3ms)[0m  [1m[34mSELECT "articles".* FROM "articles" WHERE "articles"."id" = ? LIMIT ?[0m  [["id", 2], ["LIMIT", 1]]
  ↳ app/controllers/articles_controller.rb:7:in `show'
  Rendering layout layouts/application.html.erb
  Rendering articles/show.html.erb within layouts/application
  [1m[36mArticle Load (0.2ms)[0m  [1m[34mSELECT "articles".* FROM "articles" WHERE "articles"."id" = ? LIMIT ?[0m  [["id", 2], ["LIMIT", 1]]
  ↳ app/views/articles/show.html.erb:6
  [1m[36mComment Load (0.1ms)[0m  [1m[34mSELECT "comments".* FROM "comments" WHERE "comments"."article_id" = ?[0m  [["article_id", 2]]
  ↳ app/views/articles/show.html.erb:15
  Rendered articles/show.html.erb within layouts/application (Duration: 5.8ms | Allocations: 2108)
  Rendered layout layouts/application.html.erb (Duration: 9.5ms | Allocations: 4176)
Completed 200 OK in 15ms (Views: 10.6ms | ActiveRecord: 0.5ms | Allocations: 4871)


Started GET "/" for 127.0.0.1 at 2022-02-03 18:12:12 +0900
Processing by ArticlesController#index as HTML
  Rendering layout layouts/application.html.erb
  Rendering articles/index.html.erb within layouts/application
  [1m[36mArticle Load (0.6ms)[0m  [1m[34mSELECT "articles".* FROM "articles"[0m
  ↳ app/views/articles/index.html.erb:4
  Rendered articles/index.html.erb within layouts/application (Duration: 3.6ms | Allocations: 580)
  Rendered layout layouts/application.html.erb (Duration: 9.6ms | Allocations: 2832)
Completed 200 OK in 12ms (Views: 10.3ms | ActiveRecord: 0.6ms | Allocations: 3099)


Started GET "/articles/new" for 127.0.0.1 at 2022-02-03 18:12:14 +0900
Processing by ArticlesController#new as HTML
  Rendering layout layouts/application.html.erb
  Rendering articles/new.html.erb within layouts/application
  Rendered articles/_form.html.erb (Duration: 3.4ms | Allocations: 1204)
  Rendered articles/new.html.erb within layouts/application (Duration: 6.7ms | Allocations: 1462)
  Rendered layout layouts/application.html.erb (Duration: 10.0ms | Allocations: 3547)
Completed 200 OK in 14ms (Views: 11.4ms | ActiveRecord: 0.0ms | Allocations: 3869)


Started POST "/articles" for 127.0.0.1 at 2022-02-03 18:12:28 +0900
Processing by ArticlesController#create as TURBO_STREAM
  Parameters: {"authenticity_token"=>"[FILTERED]", "article"=>{"title"=>"hello", "body"=>"hihi"}, "commit"=>"Create Article"}
  Rendering layout layouts/application.html.erb
  Rendering articles/new.html.erb within layouts/application
  Rendered articles/_form.html.erb (Duration: 3.7ms | Allocations: 1695)
  Rendered articles/new.html.erb within layouts/application (Duration: 4.0ms | Allocations: 1816)
  Rendered layout layouts/application.html.erb (Duration: 7.5ms | Allocations: 3884)
Completed 422 Unprocessable Entity in 10ms (Views: 8.2ms | ActiveRecord: 0.0ms | Allocations: 5037)


Started POST "/articles" for 127.0.0.1 at 2022-02-03 18:12:37 +0900
Processing by ArticlesController#create as TURBO_STREAM
  Parameters: {"authenticity_token"=>"[FILTERED]", "article"=>{"title"=>"hello", "body"=>"hihi~~~~~~~~~"}, "commit"=>"Create Article"}
  [1m[36mTRANSACTION (0.1ms)[0m  [1m[36mbegin transaction[0m
  ↳ app/controllers/articles_controller.rb:17:in `create'
  [1m[36mArticle Create (1.8ms)[0m  [1m[32mINSERT INTO "articles" ("title", "body", "created_at", "updated_at") VALUES (?, ?, ?, ?)[0m  [["title", "hello"], ["body", "hihi~~~~~~~~~"], ["created_at", "2022-02-03 09:12:37.670691"], ["updated_at", "2022-02-03 09:12:37.670691"]]
  ↳ app/controllers/articles_controller.rb:17:in `create'
  [1m[36mTRANSACTION (0.5ms)[0m  [1m[36mcommit transaction[0m
  ↳ app/controllers/articles_controller.rb:17:in `create'
Redirected to http://127.0.0.1:3000/articles/3
Completed 302 Found in 13ms (ActiveRecord: 2.3ms | Allocations: 2686)


Started GET "/articles/3" for 127.0.0.1 at 2022-02-03 18:12:37 +0900
Processing by ArticlesController#show as TURBO_STREAM
  Parameters: {"id"=>"3"}
  [1m[36mArticle Load (0.1ms)[0m  [1m[34mSELECT "articles".* FROM "articles" WHERE "articles"."id" = ? LIMIT ?[0m  [["id", 3], ["LIMIT", 1]]
  ↳ app/controllers/articles_controller.rb:7:in `show'
  Rendering layout layouts/application.html.erb
  Rendering articles/show.html.erb within layouts/application
  [1m[36mArticle Load (0.1ms)[0m  [1m[34mSELECT "articles".* FROM "articles" WHERE "articles"."id" = ? LIMIT ?[0m  [["id", 2], ["LIMIT", 1]]
  ↳ app/views/articles/show.html.erb:6
  [1m[36mComment Load (0.1ms)[0m  [1m[34mSELECT "comments".* FROM "comments" WHERE "comments"."article_id" = ?[0m  [["article_id", 3]]
  ↳ app/views/articles/show.html.erb:15
  Rendered articles/show.html.erb within layouts/application (Duration: 5.1ms | Allocations: 2094)
  Rendered layout layouts/application.html.erb (Duration: 8.7ms | Allocations: 4174)
Completed 200 OK in 11ms (Views: 9.2ms | ActiveRecord: 0.3ms | Allocations: 4875)


Started GET "/" for 127.0.0.1 at 2022-02-03 18:12:49 +0900
Processing by ArticlesController#index as HTML
  Rendering layout layouts/application.html.erb
  Rendering articles/index.html.erb within layouts/application
  [1m[36mArticle Load (0.3ms)[0m  [1m[34mSELECT "articles".* FROM "articles"[0m
  ↳ app/views/articles/index.html.erb:4
  Rendered articles/index.html.erb within layouts/application (Duration: 2.7ms | Allocations: 619)
  Rendered layout layouts/application.html.erb (Duration: 6.5ms | Allocations: 2838)
Completed 200 OK in 10ms (Views: 7.8ms | ActiveRecord: 0.3ms | Allocations: 3102)


Started GET "/articles/2" for 127.0.0.1 at 2022-02-03 18:12:51 +0900
Processing by ArticlesController#show as HTML
  Parameters: {"id"=>"2"}
  [1m[36mArticle Load (0.3ms)[0m  [1m[34mSELECT "articles".* FROM "articles" WHERE "articles"."id" = ? LIMIT ?[0m  [["id", 2], ["LIMIT", 1]]
  ↳ app/controllers/articles_controller.rb:7:in `show'
  Rendering layout layouts/application.html.erb
  Rendering articles/show.html.erb within layouts/application
  [1m[36mArticle Load (0.4ms)[0m  [1m[34mSELECT "articles".* FROM "articles" WHERE "articles"."id" = ? LIMIT ?[0m  [["id", 2], ["LIMIT", 1]]
  ↳ app/views/articles/show.html.erb:6
  [1m[36mComment Load (0.2ms)[0m  [1m[34mSELECT "comments".* FROM "comments" WHERE "comments"."article_id" = ?[0m  [["article_id", 2]]
  ↳ app/views/articles/show.html.erb:15
  Rendered articles/show.html.erb within layouts/application (Duration: 7.0ms | Allocations: 2099)
  Rendered layout layouts/application.html.erb (Duration: 10.6ms | Allocations: 4167)
Completed 200 OK in 17ms (Views: 11.5ms | ActiveRecord: 0.9ms | Allocations: 4865)


Started GET "/articles/3" for 127.0.0.1 at 2022-02-03 18:12:54 +0900
Processing by ArticlesController#show as HTML
  Parameters: {"id"=>"3"}
  [1m[36mArticle Load (0.4ms)[0m  [1m[34mSELECT "articles".* FROM "articles" WHERE "articles"."id" = ? LIMIT ?[0m  [["id", 3], ["LIMIT", 1]]
  ↳ app/controllers/articles_controller.rb:7:in `show'
  Rendering layout layouts/application.html.erb
  Rendering articles/show.html.erb within layouts/application
  [1m[36mArticle Load (0.1ms)[0m  [1m[34mSELECT "articles".* FROM "articles" WHERE "articles"."id" = ? LIMIT ?[0m  [["id", 2], ["LIMIT", 1]]
  ↳ app/views/articles/show.html.erb:6
  [1m[36mComment Load (0.1ms)[0m  [1m[34mSELECT "comments".* FROM "comments" WHERE "comments"."article_id" = ?[0m  [["article_id", 3]]
  ↳ app/views/articles/show.html.erb:15
  Rendered articles/show.html.erb within layouts/application (Duration: 5.2ms | Allocations: 2079)
  Rendered layout layouts/application.html.erb (Duration: 8.7ms | Allocations: 4147)
Completed 200 OK in 16ms (Views: 9.9ms | ActiveRecord: 0.6ms | Allocations: 4845)


Started GET "/articles/3" for 127.0.0.1 at 2022-02-03 18:13:18 +0900
Processing by ArticlesController#show as HTML
  Parameters: {"id"=>"3"}
  [1m[36mArticle Load (0.3ms)[0m  [1m[34mSELECT "articles".* FROM "articles" WHERE "articles"."id" = ? LIMIT ?[0m  [["id", 3], ["LIMIT", 1]]
  ↳ app/controllers/articles_controller.rb:7:in `show'
  Rendering layout layouts/application.html.erb
  Rendering articles/show.html.erb within layouts/application
  [1m[36mArticle Load (0.1ms)[0m  [1m[34mSELECT "articles".* FROM "articles" WHERE "articles"."id" = ? LIMIT ?[0m  [["id", 2], ["LIMIT", 1]]
  ↳ app/views/articles/show.html.erb:6
  [1m[36mComment Load (0.1ms)[0m  [1m[34mSELECT "comments".* FROM "comments" WHERE "comments"."article_id" = ?[0m  [["article_id", 3]]
  ↳ app/views/articles/show.html.erb:15
  Rendered articles/show.html.erb within layouts/application (Duration: 5.3ms | Allocations: 2079)
  Rendered layout layouts/application.html.erb (Duration: 8.8ms | Allocations: 4147)
Completed 200 OK in 16ms (Views: 10.1ms | ActiveRecord: 0.5ms | Allocations: 4845)


Started GET "/" for ::1 at 2022-02-03 18:27:42 +0900
Processing by ArticlesController#index as HTML
  Rendering layout layouts/application.html.erb
  Rendering articles/index.html.erb within layouts/application
  [1m[35m (0.1ms)[0m  [1m[34mSELECT sqlite_version(*)[0m
  ↳ app/views/articles/index.html.erb:4
  [1m[36mArticle Load (0.4ms)[0m  [1m[34mSELECT "articles".* FROM "articles"[0m
  ↳ app/views/articles/index.html.erb:4
  Rendered articles/index.html.erb within layouts/application (Duration: 4.0ms | Allocations: 1194)
  Rendered layout layouts/application.html.erb (Duration: 8.8ms | Allocations: 3344)
Completed 200 OK in 12ms (Views: 9.9ms | ActiveRecord: 0.7ms | Allocations: 3607)


Started GET "/" for ::1 at 2022-02-03 18:47:50 +0900
Processing by ArticlesController#index as HTML
  Rendering layout layouts/application.html.erb
  Rendering articles/index.html.erb within layouts/application
  [1m[35m (0.1ms)[0m  [1m[34mSELECT sqlite_version(*)[0m
  ↳ app/views/articles/index.html.erb:4
  [1m[36mArticle Load (0.5ms)[0m  [1m[34mSELECT "articles".* FROM "articles"[0m
  ↳ app/views/articles/index.html.erb:4
  Rendered articles/index.html.erb within layouts/application (Duration: 4.1ms | Allocations: 1194)
  Rendered layout layouts/application.html.erb (Duration: 8.9ms | Allocations: 3413)
Completed 200 OK in 11ms (Views: 9.5ms | ActiveRecord: 0.8ms | Allocations: 3676)


Started GET "/articles" for ::1 at 2022-02-03 18:47:53 +0900
Processing by ArticlesController#index as HTML
  Rendering layout layouts/application.html.erb
  Rendering articles/index.html.erb within layouts/application
  [1m[36mArticle Load (0.3ms)[0m  [1m[34mSELECT "articles".* FROM "articles"[0m
  ↳ app/views/articles/index.html.erb:4
  Rendered articles/index.html.erb within layouts/application (Duration: 4.1ms | Allocations: 617)
  Rendered layout layouts/application.html.erb (Duration: 8.2ms | Allocations: 2854)
Completed 200 OK in 11ms (Views: 9.2ms | ActiveRecord: 0.3ms | Allocations: 3117)


Started GET "/articles/new" for ::1 at 2022-02-03 18:47:57 +0900
Processing by ArticlesController#new as HTML
  Rendering layout layouts/application.html.erb
  Rendering articles/new.html.erb within layouts/application
  Rendered articles/_form.html.erb (Duration: 5.7ms | Allocations: 816)
  Rendered articles/new.html.erb within layouts/application (Duration: 6.4ms | Allocations: 887)
  Rendered layout layouts/application.html.erb (Duration: 13.7ms | Allocations: 2963)
Completed 200 OK in 17ms (Views: 15.3ms | ActiveRecord: 0.0ms | Allocations: 3230)


Started GET "/articles/3" for ::1 at 2022-02-03 19:01:31 +0900
Processing by ArticlesController#show as HTML
  Parameters: {"id"=>"3"}
  [1m[35m (0.2ms)[0m  [1m[34mSELECT sqlite_version(*)[0m
  ↳ app/controllers/articles_controller.rb:7:in `show'
  [1m[36mArticle Load (0.8ms)[0m  [1m[34mSELECT "articles".* FROM "articles" WHERE "articles"."id" = ? LIMIT ?[0m  [["id", 3], ["LIMIT", 1]]
  ↳ app/controllers/articles_controller.rb:7:in `show'
  Rendering layout layouts/application.html.erb
  Rendering articles/show.html.erb within layouts/application
  [1m[36mArticle Load (0.2ms)[0m  [1m[34mSELECT "articles".* FROM "articles" WHERE "articles"."id" = ? LIMIT ?[0m  [["id", 2], ["LIMIT", 1]]
  ↳ app/views/articles/show.html.erb:6
  [1m[36mComment Load (0.5ms)[0m  [1m[34mSELECT "comments".* FROM "comments" WHERE "comments"."article_id" = ?[0m  [["article_id", 3]]
  ↳ app/views/articles/show.html.erb:15
  Rendered articles/show.html.erb within layouts/application (Duration: 10.3ms | Allocations: 2114)
  Rendered layout layouts/application.html.erb (Duration: 17.3ms | Allocations: 4185)
Completed 200 OK in 28ms (Views: 17.8ms | ActiveRecord: 2.5ms | Allocations: 5377)


Started GET "/articles/3/edit" for ::1 at 2022-02-03 19:01:48 +0900
Processing by ArticlesController#edit as HTML
  Parameters: {"id"=>"3"}
  [1m[36mArticle Load (0.2ms)[0m  [1m[34mSELECT "articles".* FROM "articles" WHERE "articles"."id" = ? LIMIT ?[0m  [["id", 3], ["LIMIT", 1]]
  ↳ app/controllers/articles_controller.rb:25:in `edit'
  Rendering layout layouts/application.html.erb
  Rendering articles/edit.html.erb within layouts/application
  Rendered articles/_form.html.erb (Duration: 3.1ms | Allocations: 862)
  Rendered articles/edit.html.erb within layouts/application (Duration: 4.5ms | Allocations: 1065)
  Rendered layout layouts/application.html.erb (Duration: 10.0ms | Allocations: 3157)
Completed 200 OK in 13ms (Views: 10.8ms | ActiveRecord: 0.2ms | Allocations: 3912)


Started GET "/" for 127.0.0.1 at 2022-02-04 11:45:43 +0900
  [1m[35m (0.6ms)[0m  [1m[34mSELECT sqlite_version(*)[0m
  [1m[36mActiveRecord::SchemaMigration Pluck (0.1ms)[0m  [1m[34mSELECT "schema_migrations"."version" FROM "schema_migrations" ORDER BY "schema_migrations"."version" ASC[0m
Processing by ArticlesController#index as HTML
  Rendering layout layouts/application.html.erb
  Rendering articles/index.html.erb within layouts/application
  [1m[36mArticle Load (0.5ms)[0m  [1m[34mSELECT "articles".* FROM "articles"[0m
  ↳ app/views/articles/index.html.erb:4
  Rendered articles/index.html.erb within layouts/application (Duration: 8.4ms | Allocations: 5035)
  Rendered layout layouts/application.html.erb (Duration: 56.7ms | Allocations: 39604)
Completed 200 OK in 70ms (Views: 58.5ms | ActiveRecord: 0.8ms | Allocations: 46640)


Started GET "/articles/new" for 127.0.0.1 at 2022-02-04 11:45:49 +0900
Processing by ArticlesController#new as HTML
  Rendering layout layouts/application.html.erb
  Rendering articles/new.html.erb within layouts/application
  Rendered articles/_form.html.erb (Duration: 11.4ms | Allocations: 3187)
  Rendered articles/new.html.erb within layouts/application (Duration: 13.7ms | Allocations: 3446)
  Rendered layout layouts/application.html.erb (Duration: 18.3ms | Allocations: 5533)
Completed 200 OK in 22ms (Views: 19.6ms | ActiveRecord: 0.0ms | Allocations: 5874)


Started GET "/articles/3" for 127.0.0.1 at 2022-02-04 11:46:51 +0900
Processing by ArticlesController#show as HTML
  Parameters: {"id"=>"3"}
  [1m[36mArticle Load (0.2ms)[0m  [1m[34mSELECT "articles".* FROM "articles" WHERE "articles"."id" = ? LIMIT ?[0m  [["id", 3], ["LIMIT", 1]]
  ↳ app/controllers/articles_controller.rb:7:in `show'
  Rendering layout layouts/application.html.erb
  Rendering articles/show.html.erb within layouts/application
  [1m[36mArticle Load (0.1ms)[0m  [1m[34mSELECT "articles".* FROM "articles" WHERE "articles"."id" = ? LIMIT ?[0m  [["id", 2], ["LIMIT", 1]]
  ↳ app/views/articles/show.html.erb:6
  [1m[36mComment Load (0.2ms)[0m  [1m[34mSELECT "comments".* FROM "comments" WHERE "comments"."article_id" = ?[0m  [["article_id", 3]]
  ↳ app/views/articles/show.html.erb:15
  Rendered articles/show.html.erb within layouts/application (Duration: 24.9ms | Allocations: 13491)
  Rendered layout layouts/application.html.erb (Duration: 27.7ms | Allocations: 15570)
Completed 200 OK in 50ms (Views: 27.4ms | ActiveRecord: 1.0ms | Allocations: 19883)


Started GET "/articles/3/edit" for 127.0.0.1 at 2022-02-04 11:46:52 +0900
Processing by ArticlesController#edit as HTML
  Parameters: {"id"=>"3"}
  [1m[36mArticle Load (0.3ms)[0m  [1m[34mSELECT "articles".* FROM "articles" WHERE "articles"."id" = ? LIMIT ?[0m  [["id", 3], ["LIMIT", 1]]
  ↳ app/controllers/articles_controller.rb:25:in `edit'
  Rendering layout layouts/application.html.erb
  Rendering articles/edit.html.erb within layouts/application
  Rendered articles/_form.html.erb (Duration: 2.6ms | Allocations: 875)
  Rendered articles/edit.html.erb within layouts/application (Duration: 3.7ms | Allocations: 1076)
  Rendered layout layouts/application.html.erb (Duration: 6.4ms | Allocations: 3155)
Completed 200 OK in 14ms (Views: 7.6ms | ActiveRecord: 0.3ms | Allocations: 3924)


Started GET "/articles/3/edit" for 127.0.0.1 at 2022-02-04 12:34:18 +0900
Processing by ArticlesController#edit as HTML
  Parameters: {"id"=>"3"}
  [1m[35m (0.1ms)[0m  [1m[34mSELECT sqlite_version(*)[0m
  ↳ app/controllers/articles_controller.rb:25:in `edit'
  [1m[36mArticle Load (0.5ms)[0m  [1m[34mSELECT "articles".* FROM "articles" WHERE "articles"."id" = ? LIMIT ?[0m  [["id", 3], ["LIMIT", 1]]
  ↳ app/controllers/articles_controller.rb:25:in `edit'
  Rendering layout layouts/application.html.erb
  Rendering articles/edit.html.erb within layouts/application
  Rendered articles/_form.html.erb (Duration: 4.8ms | Allocations: 859)
  Rendered articles/edit.html.erb within layouts/application (Duration: 5.4ms | Allocations: 930)
  Rendered layout layouts/application.html.erb (Duration: 13.6ms | Allocations: 2998)
Completed 200 OK in 21ms (Views: 14.7ms | ActiveRecord: 1.0ms | Allocations: 4195)


Started GET "/articles/3" for ::1 at 2022-02-08 10:30:40 +0900
Processing by ArticlesController#show as HTML
  Parameters: {"id"=>"3"}
  [1m[36mArticle Load (0.4ms)[0m  [1m[34mSELECT "articles".* FROM "articles" WHERE "articles"."id" = ? LIMIT ?[0m  [["id", 3], ["LIMIT", 1]]
  ↳ app/controllers/articles_controller.rb:7:in `show'
  Rendering layout layouts/application.html.erb
  Rendering articles/show.html.erb within layouts/application
  [1m[36mArticle Load (0.1ms)[0m  [1m[34mSELECT "articles".* FROM "articles" WHERE "articles"."id" = ? LIMIT ?[0m  [["id", 2], ["LIMIT", 1]]
  ↳ app/views/articles/show.html.erb:6
  [1m[36mComment Load (0.2ms)[0m  [1m[34mSELECT "comments".* FROM "comments" WHERE "comments"."article_id" = ?[0m  [["article_id", 3]]
  ↳ app/views/articles/show.html.erb:15
  Rendered articles/show.html.erb within layouts/application (Duration: 25.4ms | Allocations: 15625)
  Rendered layout layouts/application.html.erb (Duration: 58.2ms | Allocations: 48985)
Completed 200 OK in 78ms (Views: 60.2ms | ActiveRecord: 1.3ms | Allocations: 62107)


Started GET "/" for ::1 at 2022-02-08 10:30:41 +0900
Processing by ArticlesController#index as HTML
  Rendering layout layouts/application.html.erb
  Rendering articles/index.html.erb within layouts/application
  [1m[36mArticle Load (0.7ms)[0m  [1m[34mSELECT "articles".* FROM "articles"[0m
  ↳ app/views/articles/index.html.erb:4
  Rendered articles/index.html.erb within layouts/application (Duration: 7.1ms | Allocations: 853)
  Rendered layout layouts/application.html.erb (Duration: 15.1ms | Allocations: 3098)
Completed 200 OK in 20ms (Views: 16.4ms | ActiveRecord: 0.7ms | Allocations: 3425)


